I, [2019-08-24T11:38:20.909989 #9304]  INFO -- : [d50ca95b-c4a0-4440-ba20-202323854f3f] Started GET "/" for 150.249.153.63 at 2019-08-24 11:38:20 +0000
I, [2019-08-24T11:38:20.912673 #9304]  INFO -- : [d50ca95b-c4a0-4440-ba20-202323854f3f] Processing by HomesController#top as HTML
D, [2019-08-24T11:38:21.044768 #9304] DEBUG -- : [d50ca95b-c4a0-4440-ba20-202323854f3f]   [1m[35m (1.9ms)[0m  [1m[35mSET NAMES utf8mb4 COLLATE utf8mb4_general_ci,  @@SESSION.sql_mode = CONCAT(CONCAT(@@sql_mode, ',STRICT_ALL_TABLES'), ',NO_AUTO_VALUE_ON_ZERO'),  @@SESSION.sql_auto_is_null = 0, @@SESSION.wait_timeout = 2147483[0m
I, [2019-08-24T11:38:21.049381 #9304]  INFO -- : [d50ca95b-c4a0-4440-ba20-202323854f3f] Completed 500 Internal Server Error in 137ms (ActiveRecord: 3.0ms)
F, [2019-08-24T11:38:21.050410 #9304] FATAL -- : [d50ca95b-c4a0-4440-ba20-202323854f3f]   
F, [2019-08-24T11:38:21.050466 #9304] FATAL -- : [d50ca95b-c4a0-4440-ba20-202323854f3f] ActiveRecord::StatementInvalid (Mysql2::Error: Table 'think.idea_boards' doesn't exist: SHOW FULL FIELDS FROM `idea_boards`):
F, [2019-08-24T11:38:21.050505 #9304] FATAL -- : [d50ca95b-c4a0-4440-ba20-202323854f3f]   
F, [2019-08-24T11:38:21.050554 #9304] FATAL -- : [d50ca95b-c4a0-4440-ba20-202323854f3f] app/controllers/homes_controller.rb:4:in `top'
I, [2019-08-24T11:45:30.851611 #9641]  INFO -- : [e39553a9-73a8-4f36-b39a-3f26b2232a3d] Started GET "/" for 150.249.153.63 at 2019-08-24 11:45:30 +0000
I, [2019-08-24T11:45:30.855082 #9641]  INFO -- : [e39553a9-73a8-4f36-b39a-3f26b2232a3d] Processing by HomesController#top as HTML
D, [2019-08-24T11:45:30.874835 #9641] DEBUG -- : [e39553a9-73a8-4f36-b39a-3f26b2232a3d]   [1m[35m (0.7ms)[0m  [1m[35mSET NAMES utf8mb4 COLLATE utf8mb4_general_ci,  @@SESSION.sql_mode = CONCAT(CONCAT(@@sql_mode, ',STRICT_ALL_TABLES'), ',NO_AUTO_VALUE_ON_ZERO'),  @@SESSION.sql_auto_is_null = 0, @@SESSION.wait_timeout = 2147483[0m
I, [2019-08-24T11:45:30.878844 #9641]  INFO -- : [e39553a9-73a8-4f36-b39a-3f26b2232a3d] Completed 500 Internal Server Error in 24ms (ActiveRecord: 2.0ms)
F, [2019-08-24T11:45:30.879779 #9641] FATAL -- : [e39553a9-73a8-4f36-b39a-3f26b2232a3d]   
F, [2019-08-24T11:45:30.879833 #9641] FATAL -- : [e39553a9-73a8-4f36-b39a-3f26b2232a3d] ActiveRecord::StatementInvalid (Mysql2::Error: Table 'think.idea_boards' doesn't exist: SHOW FULL FIELDS FROM `idea_boards`):
F, [2019-08-24T11:45:30.879877 #9641] FATAL -- : [e39553a9-73a8-4f36-b39a-3f26b2232a3d]   
F, [2019-08-24T11:45:30.879935 #9641] FATAL -- : [e39553a9-73a8-4f36-b39a-3f26b2232a3d] app/controllers/homes_controller.rb:4:in `top'
I, [2019-08-24T12:15:11.104724 #9641]  INFO -- : [f841e559-e920-476b-8221-5e9b898a328b] Started GET "/" for 150.249.153.63 at 2019-08-24 12:15:11 +0000
I, [2019-08-24T12:15:11.105605 #9641]  INFO -- : [f841e559-e920-476b-8221-5e9b898a328b] Processing by HomesController#top as HTML
D, [2019-08-24T12:15:11.239001 #9641] DEBUG -- : [f841e559-e920-476b-8221-5e9b898a328b]   [1m[35m (0.5ms)[0m  [1m[35mSET NAMES utf8mb4 COLLATE utf8mb4_general_ci,  @@SESSION.sql_mode = CONCAT(CONCAT(@@sql_mode, ',STRICT_ALL_TABLES'), ',NO_AUTO_VALUE_ON_ZERO'),  @@SESSION.sql_auto_is_null = 0, @@SESSION.wait_timeout = 2147483[0m
I, [2019-08-24T12:15:11.240592 #9641]  INFO -- : [f841e559-e920-476b-8221-5e9b898a328b] Completed 500 Internal Server Error in 135ms (ActiveRecord: 1.3ms)
F, [2019-08-24T12:15:11.241275 #9641] FATAL -- : [f841e559-e920-476b-8221-5e9b898a328b]   
F, [2019-08-24T12:15:11.241318 #9641] FATAL -- : [f841e559-e920-476b-8221-5e9b898a328b] ActiveRecord::StatementInvalid (Mysql2::Error: Table 'think.idea_boards' doesn't exist: SHOW FULL FIELDS FROM `idea_boards`):
F, [2019-08-24T12:15:11.241364 #9641] FATAL -- : [f841e559-e920-476b-8221-5e9b898a328b]   
F, [2019-08-24T12:15:11.241402 #9641] FATAL -- : [f841e559-e920-476b-8221-5e9b898a328b] app/controllers/homes_controller.rb:4:in `top'
D, [2019-08-24T12:38:53.508160 #11341] DEBUG -- :   [1m[35m (0.5ms)[0m  [1m[35mSET NAMES utf8mb4 COLLATE utf8mb4_general_ci,  @@SESSION.sql_mode = CONCAT(CONCAT(@@sql_mode, ',STRICT_ALL_TABLES'), ',NO_AUTO_VALUE_ON_ZERO'),  @@SESSION.sql_auto_is_null = 0, @@SESSION.wait_timeout = 2147483[0m
D, [2019-08-24T12:38:53.530810 #11341] DEBUG -- :   [1m[35m (17.4ms)[0m  [1m[35mCREATE TABLE `schema_migrations` (`version` varchar(255) COLLATE utf8_general_ci NOT NULL PRIMARY KEY)[0m
D, [2019-08-24T12:38:53.551924 #11341] DEBUG -- :   [1m[35m (17.5ms)[0m  [1m[35mCREATE TABLE `ar_internal_metadata` (`key` varchar(255) COLLATE utf8_general_ci NOT NULL PRIMARY KEY, `value` varchar(255), `created_at` datetime NOT NULL, `updated_at` datetime NOT NULL)[0m
D, [2019-08-24T12:38:53.554721 #11341] DEBUG -- :   [1m[35m (2.0ms)[0m  [1m[34mSELECT GET_LOCK('2858708701417357320', 0)[0m
D, [2019-08-24T12:38:53.560225 #11341] DEBUG -- :   [1m[35m (0.6ms)[0m  [1m[34mSELECT `schema_migrations`.`version` FROM `schema_migrations` ORDER BY `schema_migrations`.`version` ASC[0m
I, [2019-08-24T12:38:53.560684 #11341]  INFO -- : Migrating to DeviseCreateUsers (20190731075137)
D, [2019-08-24T12:38:53.589451 #11341] DEBUG -- :   [1m[35m (24.9ms)[0m  [1m[35mCREATE TABLE `users` (`id` bigint NOT NULL AUTO_INCREMENT PRIMARY KEY, `email` varchar(255) DEFAULT '' NOT NULL, `encrypted_password` varchar(255) DEFAULT '' NOT NULL, `reset_password_token` varchar(255), `reset_password_sent_at` datetime, `remember_created_at` datetime, `name` varchar(255), `image_id` varchar(255), `profile` varchar(255), `created_at` datetime NOT NULL, `updated_at` datetime NOT NULL) ENGINE=InnoDB ROW_FORMAT=DYNAMIC[0m
D, [2019-08-24T12:38:53.607188 #11341] DEBUG -- :   [1m[35m (13.8ms)[0m  [1m[35mCREATE UNIQUE INDEX `index_users_on_email`  ON `users` (`email`) [0m
D, [2019-08-24T12:38:53.621961 #11341] DEBUG -- :   [1m[35m (13.1ms)[0m  [1m[35mCREATE UNIQUE INDEX `index_users_on_reset_password_token`  ON `users` (`reset_password_token`) [0m
D, [2019-08-24T12:38:53.624938 #11341] DEBUG -- :   [1m[35m (0.4ms)[0m  [1m[35mBEGIN[0m
D, [2019-08-24T12:38:53.625981 #11341] DEBUG -- :   [1m[36mActiveRecord::SchemaMigration Create (0.5ms)[0m  [1m[32mINSERT INTO `schema_migrations` (`version`) VALUES ('20190731075137')[0m
D, [2019-08-24T12:38:53.629944 #11341] DEBUG -- :   [1m[35m (3.8ms)[0m  [1m[35mCOMMIT[0m
I, [2019-08-24T12:38:53.630026 #11341]  INFO -- : Migrating to CreateIdeaBoards (20190731082102)
D, [2019-08-24T12:38:53.649146 #11341] DEBUG -- :   [1m[35m (17.9ms)[0m  [1m[35mCREATE TABLE `idea_boards` (`id` bigint NOT NULL AUTO_INCREMENT PRIMARY KEY, `user_id` int, `tag_id` int, `genre_id` int, `head` varchar(255), `body` text, `created_at` datetime NOT NULL, `updated_at` datetime NOT NULL) ENGINE=InnoDB ROW_FORMAT=DYNAMIC[0m
D, [2019-08-24T12:38:53.652692 #11341] DEBUG -- :   [1m[35m (3.0ms)[0m  [1m[35mBEGIN[0m
D, [2019-08-24T12:38:53.653542 #11341] DEBUG -- :   [1m[36mActiveRecord::SchemaMigration Create (0.5ms)[0m  [1m[32mINSERT INTO `schema_migrations` (`version`) VALUES ('20190731082102')[0m
D, [2019-08-24T12:38:53.657859 #11341] DEBUG -- :   [1m[35m (4.1ms)[0m  [1m[35mCOMMIT[0m
I, [2019-08-24T12:38:53.657925 #11341]  INFO -- : Migrating to CreateLikes (20190731082253)
D, [2019-08-24T12:38:53.677897 #11341] DEBUG -- :   [1m[35m (18.9ms)[0m  [1m[35mCREATE TABLE `likes` (`id` bigint NOT NULL AUTO_INCREMENT PRIMARY KEY, `user_id` int, `idea_board_id` int, `created_at` datetime NOT NULL, `updated_at` datetime NOT NULL)[0m
D, [2019-08-24T12:38:53.678869 #11341] DEBUG -- :   [1m[35m (0.4ms)[0m  [1m[35mBEGIN[0m
D, [2019-08-24T12:38:53.679695 #11341] DEBUG -- :   [1m[36mActiveRecord::SchemaMigration Create (0.5ms)[0m  [1m[32mINSERT INTO `schema_migrations` (`version`) VALUES ('20190731082253')[0m
D, [2019-08-24T12:38:53.683853 #11341] DEBUG -- :   [1m[35m (4.0ms)[0m  [1m[35mCOMMIT[0m
I, [2019-08-24T12:38:53.683912 #11341]  INFO -- : Migrating to CreateComments (20190731090028)
D, [2019-08-24T12:38:53.702916 #11341] DEBUG -- :   [1m[35m (18.0ms)[0m  [1m[35mCREATE TABLE `comments` (`id` bigint NOT NULL AUTO_INCREMENT PRIMARY KEY, `user_id` int, `idea_board_id` int, `text` varchar(255), `created_at` datetime NOT NULL, `updated_at` datetime NOT NULL) ENGINE=InnoDB ROW_FORMAT=DYNAMIC[0m
D, [2019-08-24T12:38:53.703974 #11341] DEBUG -- :   [1m[35m (0.4ms)[0m  [1m[35mBEGIN[0m
D, [2019-08-24T12:38:53.704934 #11341] DEBUG -- :   [1m[36mActiveRecord::SchemaMigration Create (0.6ms)[0m  [1m[32mINSERT INTO `schema_migrations` (`version`) VALUES ('20190731090028')[0m
D, [2019-08-24T12:38:53.709109 #11341] DEBUG -- :   [1m[35m (4.0ms)[0m  [1m[35mCOMMIT[0m
I, [2019-08-24T12:38:53.709176 #11341]  INFO -- : Migrating to CreateGenres (20190731090213)
D, [2019-08-24T12:38:53.738163 #11341] DEBUG -- :   [1m[35m (27.9ms)[0m  [1m[35mCREATE TABLE `genres` (`id` bigint NOT NULL AUTO_INCREMENT PRIMARY KEY, `genre_symbol` varchar(255), `created_at` datetime NOT NULL, `updated_at` datetime NOT NULL) ENGINE=InnoDB ROW_FORMAT=DYNAMIC[0m
D, [2019-08-24T12:38:53.739208 #11341] DEBUG -- :   [1m[35m (0.4ms)[0m  [1m[35mBEGIN[0m
D, [2019-08-24T12:38:53.740112 #11341] DEBUG -- :   [1m[36mActiveRecord::SchemaMigration Create (0.5ms)[0m  [1m[32mINSERT INTO `schema_migrations` (`version`) VALUES ('20190731090213')[0m
D, [2019-08-24T12:38:53.744515 #11341] DEBUG -- :   [1m[35m (4.3ms)[0m  [1m[35mCOMMIT[0m
I, [2019-08-24T12:38:53.744595 #11341]  INFO -- : Migrating to Add (20190802155325)
D, [2019-08-24T12:38:53.771167 #11341] DEBUG -- :   [1m[35m (25.6ms)[0m  [1m[35mALTER TABLE `idea_boards` ADD `likes_count` int[0m
D, [2019-08-24T12:38:53.772303 #11341] DEBUG -- :   [1m[35m (0.4ms)[0m  [1m[35mBEGIN[0m
D, [2019-08-24T12:38:53.773214 #11341] DEBUG -- :   [1m[36mActiveRecord::SchemaMigration Create (0.5ms)[0m  [1m[32mINSERT INTO `schema_migrations` (`version`) VALUES ('20190802155325')[0m
D, [2019-08-24T12:38:53.777948 #11341] DEBUG -- :   [1m[35m (4.6ms)[0m  [1m[35mCOMMIT[0m
I, [2019-08-24T12:38:53.778023 #11341]  INFO -- : Migrating to ActsAsTaggableOnMigration (20190803121150)
D, [2019-08-24T12:38:53.797809 #11341] DEBUG -- :   [1m[35m (18.4ms)[0m  [1m[35mCREATE TABLE `tags` (`id` int NOT NULL AUTO_INCREMENT PRIMARY KEY, `name` varchar(255)) ENGINE=InnoDB[0m
D, [2019-08-24T12:38:53.815345 #11341] DEBUG -- :   [1m[35m (16.7ms)[0m  [1m[35mCREATE TABLE `taggings` (`id` int NOT NULL AUTO_INCREMENT PRIMARY KEY, `tag_id` int, `taggable_type` varchar(255), `taggable_id` int, `tagger_type` varchar(255), `tagger_id` int, `context` varchar(128), `created_at` datetime) ENGINE=InnoDB[0m
D, [2019-08-24T12:38:53.829924 #11341] DEBUG -- :   [1m[35m (12.7ms)[0m  [1m[35mCREATE  INDEX `index_taggings_on_tag_id`  ON `taggings` (`tag_id`) [0m
D, [2019-08-24T12:38:53.845107 #11341] DEBUG -- :   [1m[35m (13.5ms)[0m  [1m[35mCREATE  INDEX `index_taggings_on_taggable_id_and_taggable_type_and_context`  ON `taggings` (`taggable_id`, `taggable_type`, `context`) [0m
D, [2019-08-24T12:38:53.846094 #11341] DEBUG -- :   [1m[35m (0.4ms)[0m  [1m[35mBEGIN[0m
D, [2019-08-24T12:38:53.847013 #11341] DEBUG -- :   [1m[36mActiveRecord::SchemaMigration Create (0.5ms)[0m  [1m[32mINSERT INTO `schema_migrations` (`version`) VALUES ('20190803121150')[0m
D, [2019-08-24T12:38:53.851052 #11341] DEBUG -- :   [1m[35m (3.9ms)[0m  [1m[35mCOMMIT[0m
I, [2019-08-24T12:38:53.851131 #11341]  INFO -- : Migrating to AddMissingUniqueIndices (20190803121151)
D, [2019-08-24T12:38:53.871379 #11341] DEBUG -- :   [1m[35m (17.7ms)[0m  [1m[35mCREATE UNIQUE INDEX `index_tags_on_name`  ON `tags` (`name`) [0m
D, [2019-08-24T12:38:53.883548 #11341] DEBUG -- :   [1m[35m (9.3ms)[0m  [1m[35mDROP INDEX `index_taggings_on_tag_id` ON `taggings`[0m
D, [2019-08-24T12:38:53.895042 #11341] DEBUG -- :   [1m[35m (9.8ms)[0m  [1m[35mDROP INDEX `index_taggings_on_taggable_id_and_taggable_type_and_context` ON `taggings`[0m
D, [2019-08-24T12:38:53.907798 #11341] DEBUG -- :   [1m[35m (11.1ms)[0m  [1m[35mCREATE UNIQUE INDEX `taggings_idx`  ON `taggings` (`tag_id`, `taggable_id`, `taggable_type`, `context`, `tagger_id`, `tagger_type`) [0m
D, [2019-08-24T12:38:53.908692 #11341] DEBUG -- :   [1m[35m (0.4ms)[0m  [1m[35mBEGIN[0m
D, [2019-08-24T12:38:53.909503 #11341] DEBUG -- :   [1m[36mActiveRecord::SchemaMigration Create (0.5ms)[0m  [1m[32mINSERT INTO `schema_migrations` (`version`) VALUES ('20190803121151')[0m
D, [2019-08-24T12:38:53.913814 #11341] DEBUG -- :   [1m[35m (4.2ms)[0m  [1m[35mCOMMIT[0m
I, [2019-08-24T12:38:53.913912 #11341]  INFO -- : Migrating to AddTaggingsCounterCacheToTags (20190803121152)
D, [2019-08-24T12:38:53.947325 #11341] DEBUG -- :   [1m[35m (32.2ms)[0m  [1m[35mALTER TABLE `tags` ADD `taggings_count` int DEFAULT 0[0m
D, [2019-08-24T12:38:53.957049 #11341] DEBUG -- :   [1m[36mActsAsTaggableOn::Tag Load (0.6ms)[0m  [1m[34mSELECT  `tags`.* FROM `tags` ORDER BY `tags`.`id` ASC LIMIT 1000[0m
D, [2019-08-24T12:38:53.959351 #11341] DEBUG -- :   [1m[35m (0.5ms)[0m  [1m[35mBEGIN[0m
D, [2019-08-24T12:38:53.960225 #11341] DEBUG -- :   [1m[36mActiveRecord::SchemaMigration Create (0.5ms)[0m  [1m[32mINSERT INTO `schema_migrations` (`version`) VALUES ('20190803121152')[0m
D, [2019-08-24T12:38:53.964630 #11341] DEBUG -- :   [1m[35m (4.3ms)[0m  [1m[35mCOMMIT[0m
I, [2019-08-24T12:38:53.964697 #11341]  INFO -- : Migrating to AddMissingTaggableIndex (20190803121153)
D, [2019-08-24T12:38:53.978059 #11341] DEBUG -- :   [1m[35m (11.1ms)[0m  [1m[35mCREATE  INDEX `index_taggings_on_taggable_id_and_taggable_type_and_context`  ON `taggings` (`taggable_id`, `taggable_type`, `context`) [0m
D, [2019-08-24T12:38:53.978975 #11341] DEBUG -- :   [1m[35m (0.4ms)[0m  [1m[35mBEGIN[0m
D, [2019-08-24T12:38:53.979743 #11341] DEBUG -- :   [1m[36mActiveRecord::SchemaMigration Create (0.5ms)[0m  [1m[32mINSERT INTO `schema_migrations` (`version`) VALUES ('20190803121153')[0m
D, [2019-08-24T12:38:53.983663 #11341] DEBUG -- :   [1m[35m (3.8ms)[0m  [1m[35mCOMMIT[0m
I, [2019-08-24T12:38:53.983724 #11341]  INFO -- : Migrating to ChangeCollationForTagNames (20190803121154)
D, [2019-08-24T12:38:54.026151 #11341] DEBUG -- :   [1m[35m (40.4ms)[0m  [1m[35mALTER TABLE tags MODIFY name varchar(255) CHARACTER SET utf8 COLLATE utf8_bin;[0m
D, [2019-08-24T12:38:54.027251 #11341] DEBUG -- :   [1m[35m (0.4ms)[0m  [1m[35mBEGIN[0m
D, [2019-08-24T12:38:54.028154 #11341] DEBUG -- :   [1m[36mActiveRecord::SchemaMigration Create (0.5ms)[0m  [1m[32mINSERT INTO `schema_migrations` (`version`) VALUES ('20190803121154')[0m
D, [2019-08-24T12:38:54.032864 #11341] DEBUG -- :   [1m[35m (4.6ms)[0m  [1m[35mCOMMIT[0m
I, [2019-08-24T12:38:54.032930 #11341]  INFO -- : Migrating to AddMissingIndexesOnTaggings (20190803121155)
D, [2019-08-24T12:38:54.050843 #11341] DEBUG -- :   [1m[35m (14.5ms)[0m  [1m[35mCREATE  INDEX `index_taggings_on_tag_id`  ON `taggings` (`tag_id`) [0m
D, [2019-08-24T12:38:54.066720 #11341] DEBUG -- :   [1m[35m (13.1ms)[0m  [1m[35mCREATE  INDEX `index_taggings_on_taggable_id`  ON `taggings` (`taggable_id`) [0m
D, [2019-08-24T12:38:54.083640 #11341] DEBUG -- :   [1m[35m (14.0ms)[0m  [1m[35mCREATE  INDEX `index_taggings_on_taggable_type`  ON `taggings` (`taggable_type`) [0m
D, [2019-08-24T12:38:54.101896 #11341] DEBUG -- :   [1m[35m (15.3ms)[0m  [1m[35mCREATE  INDEX `index_taggings_on_tagger_id`  ON `taggings` (`tagger_id`) [0m
D, [2019-08-24T12:38:54.118661 #11341] DEBUG -- :   [1m[35m (13.9ms)[0m  [1m[35mCREATE  INDEX `index_taggings_on_context`  ON `taggings` (`context`) [0m
D, [2019-08-24T12:38:54.135466 #11341] DEBUG -- :   [1m[35m (13.8ms)[0m  [1m[35mCREATE  INDEX `index_taggings_on_tagger_id_and_tagger_type`  ON `taggings` (`tagger_id`, `tagger_type`) [0m
D, [2019-08-24T12:38:54.153967 #11341] DEBUG -- :   [1m[35m (15.5ms)[0m  [1m[35mCREATE  INDEX `taggings_idy`  ON `taggings` (`taggable_id`, `taggable_type`, `tagger_id`, `context`) [0m
D, [2019-08-24T12:38:54.155134 #11341] DEBUG -- :   [1m[35m (0.5ms)[0m  [1m[35mBEGIN[0m
D, [2019-08-24T12:38:54.156039 #11341] DEBUG -- :   [1m[36mActiveRecord::SchemaMigration Create (0.5ms)[0m  [1m[32mINSERT INTO `schema_migrations` (`version`) VALUES ('20190803121155')[0m
D, [2019-08-24T12:38:54.160495 #11341] DEBUG -- :   [1m[35m (4.3ms)[0m  [1m[35mCOMMIT[0m
I, [2019-08-24T12:38:54.160562 #11341]  INFO -- : Migrating to AddIdeaBoards (20190806054910)
D, [2019-08-24T12:38:54.190073 #11341] DEBUG -- :   [1m[35m (28.5ms)[0m  [1m[35mALTER TABLE `idea_boards` ADD `image_id` varchar(255)[0m
D, [2019-08-24T12:38:54.191151 #11341] DEBUG -- :   [1m[35m (0.5ms)[0m  [1m[35mBEGIN[0m
D, [2019-08-24T12:38:54.192136 #11341] DEBUG -- :   [1m[36mActiveRecord::SchemaMigration Create (0.6ms)[0m  [1m[32mINSERT INTO `schema_migrations` (`version`) VALUES ('20190806054910')[0m
D, [2019-08-24T12:38:54.196564 #11341] DEBUG -- :   [1m[35m (4.3ms)[0m  [1m[35mCOMMIT[0m
I, [2019-08-24T12:38:54.196650 #11341]  INFO -- : Migrating to CreateFavorites (20190817041404)
D, [2019-08-24T12:38:54.226021 #11341] DEBUG -- :   [1m[35m (25.6ms)[0m  [1m[35mCREATE TABLE `favorites` (`id` bigint NOT NULL AUTO_INCREMENT PRIMARY KEY, `user_id` bigint, `idea_board_id` bigint, `created_at` datetime NOT NULL, `updated_at` datetime NOT NULL,  INDEX `index_favorites_on_user_id`  (`user_id`),  INDEX `index_favorites_on_idea_board_id`  (`idea_board_id`), UNIQUE INDEX `index_favorites_on_user_id_and_idea_board_id`  (`user_id`, `idea_board_id`), CONSTRAINT `fk_rails_d15744e438`
FOREIGN KEY (`user_id`)
  REFERENCES `users` (`id`)
, CONSTRAINT `fk_rails_f6a44c9e31`
FOREIGN KEY (`idea_board_id`)
  REFERENCES `idea_boards` (`id`)
) ENGINE=InnoDB ROW_FORMAT=DYNAMIC[0m
D, [2019-08-24T12:38:54.227044 #11341] DEBUG -- :   [1m[35m (0.5ms)[0m  [1m[35mBEGIN[0m
D, [2019-08-24T12:38:54.227932 #11341] DEBUG -- :   [1m[36mActiveRecord::SchemaMigration Create (0.5ms)[0m  [1m[32mINSERT INTO `schema_migrations` (`version`) VALUES ('20190817041404')[0m
D, [2019-08-24T12:38:54.233540 #11341] DEBUG -- :   [1m[35m (5.5ms)[0m  [1m[35mCOMMIT[0m
I, [2019-08-24T12:38:54.233607 #11341]  INFO -- : Migrating to CreateRooms (20190817153301)
D, [2019-08-24T12:38:54.253540 #11341] DEBUG -- :   [1m[35m (18.8ms)[0m  [1m[35mCREATE TABLE `rooms` (`id` bigint NOT NULL AUTO_INCREMENT PRIMARY KEY, `name` varchar(255), `created_at` datetime NOT NULL, `updated_at` datetime NOT NULL) ENGINE=InnoDB ROW_FORMAT=DYNAMIC[0m
D, [2019-08-24T12:38:54.254491 #11341] DEBUG -- :   [1m[35m (0.4ms)[0m  [1m[35mBEGIN[0m
D, [2019-08-24T12:38:54.255338 #11341] DEBUG -- :   [1m[36mActiveRecord::SchemaMigration Create (0.5ms)[0m  [1m[32mINSERT INTO `schema_migrations` (`version`) VALUES ('20190817153301')[0m
D, [2019-08-24T12:38:54.259591 #11341] DEBUG -- :   [1m[35m (4.1ms)[0m  [1m[35mCOMMIT[0m
I, [2019-08-24T12:38:54.259653 #11341]  INFO -- : Migrating to CreateEntries (20190817153311)
D, [2019-08-24T12:38:54.285879 #11341] DEBUG -- :   [1m[35m (23.5ms)[0m  [1m[35mCREATE TABLE `entries` (`id` bigint NOT NULL AUTO_INCREMENT PRIMARY KEY, `user_id` bigint, `room_id` bigint, `created_at` datetime NOT NULL, `updated_at` datetime NOT NULL,  INDEX `index_entries_on_user_id`  (`user_id`),  INDEX `index_entries_on_room_id`  (`room_id`), CONSTRAINT `fk_rails_99dc12d4fd`
FOREIGN KEY (`user_id`)
  REFERENCES `users` (`id`)
, CONSTRAINT `fk_rails_f9d3a4412c`
FOREIGN KEY (`room_id`)
  REFERENCES `rooms` (`id`)
) ENGINE=InnoDB ROW_FORMAT=DYNAMIC[0m
D, [2019-08-24T12:38:54.286849 #11341] DEBUG -- :   [1m[35m (0.4ms)[0m  [1m[35mBEGIN[0m
D, [2019-08-24T12:38:54.287693 #11341] DEBUG -- :   [1m[36mActiveRecord::SchemaMigration Create (0.5ms)[0m  [1m[32mINSERT INTO `schema_migrations` (`version`) VALUES ('20190817153311')[0m
D, [2019-08-24T12:38:54.295037 #11341] DEBUG -- :   [1m[35m (7.2ms)[0m  [1m[35mCOMMIT[0m
I, [2019-08-24T12:38:54.295099 #11341]  INFO -- : Migrating to CreateMessages (20190817153320)
D, [2019-08-24T12:38:54.322329 #11341] DEBUG -- :   [1m[35m (24.5ms)[0m  [1m[35mCREATE TABLE `messages` (`id` bigint NOT NULL AUTO_INCREMENT PRIMARY KEY, `user_id` bigint, `room_id` bigint, `content` text, `created_at` datetime NOT NULL, `updated_at` datetime NOT NULL,  INDEX `index_messages_on_user_id`  (`user_id`),  INDEX `index_messages_on_room_id`  (`room_id`), CONSTRAINT `fk_rails_273a25a7a6`
FOREIGN KEY (`user_id`)
  REFERENCES `users` (`id`)
, CONSTRAINT `fk_rails_a8db0fb63a`
FOREIGN KEY (`room_id`)
  REFERENCES `rooms` (`id`)
) ENGINE=InnoDB ROW_FORMAT=DYNAMIC[0m
D, [2019-08-24T12:38:54.323350 #11341] DEBUG -- :   [1m[35m (0.5ms)[0m  [1m[35mBEGIN[0m
D, [2019-08-24T12:38:54.324193 #11341] DEBUG -- :   [1m[36mActiveRecord::SchemaMigration Create (0.5ms)[0m  [1m[32mINSERT INTO `schema_migrations` (`version`) VALUES ('20190817153320')[0m
D, [2019-08-24T12:38:54.327961 #11341] DEBUG -- :   [1m[35m (3.6ms)[0m  [1m[35mCOMMIT[0m
D, [2019-08-24T12:38:54.332427 #11341] DEBUG -- :   [1m[36mActiveRecord::InternalMetadata Load (0.6ms)[0m  [1m[34mSELECT  `ar_internal_metadata`.* FROM `ar_internal_metadata` WHERE `ar_internal_metadata`.`key` = 'environment' LIMIT 1[0m
D, [2019-08-24T12:38:54.338011 #11341] DEBUG -- :   [1m[35m (0.4ms)[0m  [1m[35mBEGIN[0m
D, [2019-08-24T12:38:54.339407 #11341] DEBUG -- :   [1m[36mActiveRecord::InternalMetadata Create (0.6ms)[0m  [1m[32mINSERT INTO `ar_internal_metadata` (`key`, `value`, `created_at`, `updated_at`) VALUES ('environment', 'production', '2019-08-24 12:38:54', '2019-08-24 12:38:54')[0m
D, [2019-08-24T12:38:54.344134 #11341] DEBUG -- :   [1m[35m (4.5ms)[0m  [1m[35mCOMMIT[0m
D, [2019-08-24T12:38:54.344821 #11341] DEBUG -- :   [1m[35m (0.6ms)[0m  [1m[34mSELECT RELEASE_LOCK('2858708701417357320')[0m
I, [2019-08-24T12:39:54.585214 #11444]  INFO -- : [db1ca8c6-a99e-42ef-9252-1a13d4a2162c] Started GET "/" for 150.249.153.63 at 2019-08-24 12:39:54 +0000
I, [2019-08-24T12:39:54.588348 #11444]  INFO -- : [db1ca8c6-a99e-42ef-9252-1a13d4a2162c] Processing by HomesController#top as HTML
D, [2019-08-24T12:39:54.734738 #11444] DEBUG -- : [db1ca8c6-a99e-42ef-9252-1a13d4a2162c]   [1m[35m (0.8ms)[0m  [1m[35mSET NAMES utf8mb4 COLLATE utf8mb4_general_ci,  @@SESSION.sql_mode = CONCAT(CONCAT(@@sql_mode, ',STRICT_ALL_TABLES'), ',NO_AUTO_VALUE_ON_ZERO'),  @@SESSION.sql_auto_is_null = 0, @@SESSION.wait_timeout = 2147483[0m
I, [2019-08-24T12:39:54.761741 #11444]  INFO -- : [db1ca8c6-a99e-42ef-9252-1a13d4a2162c]   Rendering homes/top.html.erb within layouts/application
I, [2019-08-24T12:39:54.767114 #11444]  INFO -- : [db1ca8c6-a99e-42ef-9252-1a13d4a2162c]   Rendered homes/top.html.erb within layouts/application (5.3ms)
I, [2019-08-24T12:39:54.773093 #11444]  INFO -- : [db1ca8c6-a99e-42ef-9252-1a13d4a2162c] Completed 200 OK in 185ms (Views: 13.7ms | ActiveRecord: 3.1ms)
I, [2019-08-24T12:41:40.565802 #11444]  INFO -- : [0668a1d3-5dcb-434f-ad1a-688562cbc2ba] Started GET "/" for 150.249.153.63 at 2019-08-24 12:41:40 +0000
I, [2019-08-24T12:41:40.566689 #11444]  INFO -- : [0668a1d3-5dcb-434f-ad1a-688562cbc2ba] Processing by HomesController#top as HTML
I, [2019-08-24T12:41:40.569146 #11444]  INFO -- : [0668a1d3-5dcb-434f-ad1a-688562cbc2ba]   Rendering homes/top.html.erb within layouts/application
I, [2019-08-24T12:41:40.569667 #11444]  INFO -- : [0668a1d3-5dcb-434f-ad1a-688562cbc2ba]   Rendered homes/top.html.erb within layouts/application (0.4ms)
I, [2019-08-24T12:41:40.571779 #11444]  INFO -- : [0668a1d3-5dcb-434f-ad1a-688562cbc2ba] Completed 200 OK in 5ms (Views: 2.9ms | ActiveRecord: 0.0ms)
I, [2019-08-24T12:41:43.358401 #11444]  INFO -- : [f5839ec1-cda5-4123-ae09-6629818d1500] Started GET "/users/sign_up" for 150.249.153.63 at 2019-08-24 12:41:43 +0000
I, [2019-08-24T12:41:43.359550 #11444]  INFO -- : [f5839ec1-cda5-4123-ae09-6629818d1500] Processing by Devise::RegistrationsController#new as HTML
I, [2019-08-24T12:41:43.383902 #11444]  INFO -- : [f5839ec1-cda5-4123-ae09-6629818d1500]   Rendering devise/registrations/new.html.erb within layouts/application
I, [2019-08-24T12:41:43.388378 #11444]  INFO -- : [f5839ec1-cda5-4123-ae09-6629818d1500]   Rendered devise/shared/_error_messages.html.erb (0.6ms)
I, [2019-08-24T12:41:43.433574 #11444]  INFO -- : [f5839ec1-cda5-4123-ae09-6629818d1500]   Rendered devise/registrations/new.html.erb within layouts/application (49.6ms)
I, [2019-08-24T12:41:43.435705 #11444]  INFO -- : [f5839ec1-cda5-4123-ae09-6629818d1500] Completed 200 OK in 76ms (Views: 54.5ms | ActiveRecord: 1.5ms)
